The system is: Linux - 5.4.0-150-generic - x86_64
Compiling the C compiler identification source file "CMakeCCompilerId.c" succeeded.
Compiler: /opt/gcc-linaro-7.5.0-2019.12-x86_64_aarch64-linux-gnu/bin/aarch64-linux-gnu-gcc 
Build flags: 
Id flags:  

The output was:
0


Compilation of the C compiler identification source "CMakeCCompilerId.c" produced "a.out"

The C compiler identification is GNU, found in "/home/jitengfei/0_9009_new_sdk/xyg_cp_v17_tx_lvbo/cmk/CMakeFiles/3.16.8/CompilerIdC/a.out"

Compiling the CXX compiler identification source file "CMakeCXXCompilerId.cpp" succeeded.
Compiler: /usr/bin/c++ 
Build flags: 
Id flags:  

The output was:
0


Compilation of the CXX compiler identification source "CMakeCXXCompilerId.cpp" produced "a.out"

The CXX compiler identification is GNU, found in "/home/jitengfei/0_9009_new_sdk/xyg_cp_v17_tx_lvbo/cmk/CMakeFiles/3.16.8/CompilerIdCXX/a.out"

Determining if the C compiler works passed with the following output:
Change Dir: /home/jitengfei/0_9009_new_sdk/xyg_cp_v17_tx_lvbo/cmk/CMakeFiles/CMakeTmp

Run Build Command(s):/usr/bin/make cmTC_63f8e/fast && /usr/bin/make  -f CMakeFiles/cmTC_63f8e.dir/build.make CMakeFiles/cmTC_63f8e.dir/build
make[1]: 进入目录“/home/jitengfei/0_9009_new_sdk/xyg_cp_v17_tx_lvbo/cmk/CMakeFiles/CMakeTmp”
Building C object CMakeFiles/cmTC_63f8e.dir/testCCompiler.c.o
/opt/gcc-linaro-7.5.0-2019.12-x86_64_aarch64-linux-gnu/bin/aarch64-linux-gnu-gcc    -o CMakeFiles/cmTC_63f8e.dir/testCCompiler.c.o   -c /home/jitengfei/0_9009_new_sdk/xyg_cp_v17_tx_lvbo/cmk/CMakeFiles/CMakeTmp/testCCompiler.c
Linking C executable cmTC_63f8e
/home/jitengfei/tool/cmake-3.16.8-Linux-x86_64/bin/cmake -E cmake_link_script CMakeFiles/cmTC_63f8e.dir/link.txt --verbose=1
/opt/gcc-linaro-7.5.0-2019.12-x86_64_aarch64-linux-gnu/bin/aarch64-linux-gnu-gcc      CMakeFiles/cmTC_63f8e.dir/testCCompiler.c.o  -o cmTC_63f8e 
make[1]: 离开目录“/home/jitengfei/0_9009_new_sdk/xyg_cp_v17_tx_lvbo/cmk/CMakeFiles/CMakeTmp”



Detecting C compiler ABI info compiled with the following output:
Change Dir: /home/jitengfei/0_9009_new_sdk/xyg_cp_v17_tx_lvbo/cmk/CMakeFiles/CMakeTmp

Run Build Command(s):/usr/bin/make cmTC_03d74/fast && /usr/bin/make  -f CMakeFiles/cmTC_03d74.dir/build.make CMakeFiles/cmTC_03d74.dir/build
make[1]: Entering directory '/home/jitengfei/0_9009_new_sdk/xyg_cp_v17_tx_lvbo/cmk/CMakeFiles/CMakeTmp'
Building C object CMakeFiles/cmTC_03d74.dir/CMakeCCompilerABI.c.o
/opt/gcc-linaro-7.5.0-2019.12-x86_64_aarch64-linux-gnu/bin/aarch64-linux-gnu-gcc   -v -o CMakeFiles/cmTC_03d74.dir/CMakeCCompilerABI.c.o   -c /home/jitengfei/tool/cmake-3.16.8-Linux-x86_64/share/cmake-3.16/Modules/CMakeCCompilerABI.c
Using built-in specs.
COLLECT_GCC=/opt/gcc-linaro-7.5.0-2019.12-x86_64_aarch64-linux-gnu/bin/aarch64-linux-gnu-gcc
Target: aarch64-linux-gnu
Configured with: '/home/tcwg-buildslave/workspace/tcwg-make-release_0/snapshots/gcc.git~linaro-7.5-2019.12/configure' SHELL=/bin/bash --with-mpc=/home/tcwg-buildslave/workspace/tcwg-make-release_0/_build/builds/destdir/x86_64-unknown-linux-gnu --with-mpfr=/home/tcwg-buildslave/workspace/tcwg-make-release_0/_build/builds/destdir/x86_64-unknown-linux-gnu --with-gmp=/home/tcwg-buildslave/workspace/tcwg-make-release_0/_build/builds/destdir/x86_64-unknown-linux-gnu --with-gnu-as --with-gnu-ld --disable-libmudflap --enable-lto --enable-shared --without-included-gettext --enable-nls --with-system-zlib --disable-sjlj-exceptions --enable-gnu-unique-object --enable-linker-build-id --disable-libstdcxx-pch --enable-c99 --enable-clocale=gnu --enable-libstdcxx-debug --enable-long-long --with-cloog=no --with-ppl=no --with-isl=no --disable-multilib --enable-fix-cortex-a53-835769 --enable-fix-cortex-a53-843419 --with-arch=armv8-a --enable-threads=posix --enable-multiarch --enable-libstdcxx-time=yes --enable-gnu-indirect-function --with-build-sysroot=/home/tcwg-buildslave/workspace/tcwg-make-release_0/_build/sysroots/aarch64-linux-gnu --with-sysroot=/home/tcwg-buildslave/workspace/tcwg-make-release_0/_build/builds/destdir/x86_64-unknown-linux-gnu/aarch64-linux-gnu/libc --enable-checking=release --disable-bootstrap --enable-languages=c,c++,fortran,lto --build=x86_64-unknown-linux-gnu --host=x86_64-unknown-linux-gnu --target=aarch64-linux-gnu --prefix=/home/tcwg-buildslave/workspace/tcwg-make-release_0/_build/builds/destdir/x86_64-unknown-linux-gnu
Thread model: posix
gcc version 7.5.0 (Linaro GCC 7.5-2019.12) 
COLLECT_GCC_OPTIONS='-v' '-o' 'CMakeFiles/cmTC_03d74.dir/CMakeCCompilerABI.c.o' '-c' '-march=armv8-a' '-mlittle-endian' '-mabi=lp64'
 /opt/gcc-linaro-7.5.0-2019.12-x86_64_aarch64-linux-gnu/bin/../libexec/gcc/aarch64-linux-gnu/7.5.0/cc1 -quiet -v -imultiarch aarch64-linux-gnu -iprefix /opt/gcc-linaro-7.5.0-2019.12-x86_64_aarch64-linux-gnu/bin/../lib/gcc/aarch64-linux-gnu/7.5.0/ -isysroot /opt/gcc-linaro-7.5.0-2019.12-x86_64_aarch64-linux-gnu/bin/../aarch64-linux-gnu/libc /home/jitengfei/tool/cmake-3.16.8-Linux-x86_64/share/cmake-3.16/Modules/CMakeCCompilerABI.c -quiet -dumpbase CMakeCCompilerABI.c -march=armv8-a -mlittle-endian -mabi=lp64 -auxbase-strip CMakeFiles/cmTC_03d74.dir/CMakeCCompilerABI.c.o -version -o /tmp/cce8ocTg.s
GNU C11 (Linaro GCC 7.5-2019.12) version 7.5.0 (aarch64-linux-gnu)
	compiled by GNU C version 4.8.4, GMP version 6.1.2, MPFR version 3.1.5, MPC version 1.0.3, isl version none
GGC heuristics: --param ggc-min-expand=100 --param ggc-min-heapsize=131072
ignoring duplicate directory "/opt/gcc-linaro-7.5.0-2019.12-x86_64_aarch64-linux-gnu/bin/../lib/gcc/../../lib/gcc/aarch64-linux-gnu/7.5.0/include"
ignoring nonexistent directory "/opt/gcc-linaro-7.5.0-2019.12-x86_64_aarch64-linux-gnu/bin/../aarch64-linux-gnu/libc/usr/local/include/aarch64-linux-gnu"
ignoring nonexistent directory "/opt/gcc-linaro-7.5.0-2019.12-x86_64_aarch64-linux-gnu/bin/../aarch64-linux-gnu/libc/usr/local/include"
ignoring duplicate directory "/opt/gcc-linaro-7.5.0-2019.12-x86_64_aarch64-linux-gnu/bin/../lib/gcc/../../lib/gcc/aarch64-linux-gnu/7.5.0/include-fixed"
ignoring duplicate directory "/opt/gcc-linaro-7.5.0-2019.12-x86_64_aarch64-linux-gnu/bin/../lib/gcc/../../lib/gcc/aarch64-linux-gnu/7.5.0/../../../../aarch64-linux-gnu/include"
ignoring nonexistent directory "/opt/gcc-linaro-7.5.0-2019.12-x86_64_aarch64-linux-gnu/bin/../aarch64-linux-gnu/libc/usr/include/aarch64-linux-gnu"
#include "..." search starts here:
#include <...> search starts here:
 /opt/gcc-linaro-7.5.0-2019.12-x86_64_aarch64-linux-gnu/bin/../lib/gcc/aarch64-linux-gnu/7.5.0/include
 /opt/gcc-linaro-7.5.0-2019.12-x86_64_aarch64-linux-gnu/bin/../lib/gcc/aarch64-linux-gnu/7.5.0/include-fixed
 /opt/gcc-linaro-7.5.0-2019.12-x86_64_aarch64-linux-gnu/bin/../lib/gcc/aarch64-linux-gnu/7.5.0/../../../../aarch64-linux-gnu/include
 /opt/gcc-linaro-7.5.0-2019.12-x86_64_aarch64-linux-gnu/bin/../aarch64-linux-gnu/libc/usr/include
End of search list.
GNU C11 (Linaro GCC 7.5-2019.12) version 7.5.0 (aarch64-linux-gnu)
	compiled by GNU C version 4.8.4, GMP version 6.1.2, MPFR version 3.1.5, MPC version 1.0.3, isl version none
GGC heuristics: --param ggc-min-expand=100 --param ggc-min-heapsize=131072
Compiler executable checksum: 5d0f5ce72c62ffb599b2a09a116fcf39
COLLECT_GCC_OPTIONS='-v' '-o' 'CMakeFiles/cmTC_03d74.dir/CMakeCCompilerABI.c.o' '-c' '-march=armv8-a' '-mlittle-endian' '-mabi=lp64'
 /opt/gcc-linaro-7.5.0-2019.12-x86_64_aarch64-linux-gnu/bin/../lib/gcc/aarch64-linux-gnu/7.5.0/../../../../aarch64-linux-gnu/bin/as -v -EL -march=armv8-a -mabi=lp64 -o CMakeFiles/cmTC_03d74.dir/CMakeCCompilerABI.c.o /tmp/cce8ocTg.s
GNU assembler version 2.28.2 (aarch64-linux-gnu) using BFD version (Linaro_Binutils-2019.12) 2.28.2.20170706
COMPILER_PATH=/opt/gcc-linaro-7.5.0-2019.12-x86_64_aarch64-linux-gnu/bin/../libexec/gcc/aarch64-linux-gnu/7.5.0/:/opt/gcc-linaro-7.5.0-2019.12-x86_64_aarch64-linux-gnu/bin/../libexec/gcc/aarch64-linux-gnu/:/opt/gcc-linaro-7.5.0-2019.12-x86_64_aarch64-linux-gnu/bin/../libexec/gcc/:/opt/gcc-linaro-7.5.0-2019.12-x86_64_aarch64-linux-gnu/bin/../lib/gcc/aarch64-linux-gnu/7.5.0/../../../../aarch64-linux-gnu/bin/
LIBRARY_PATH=/opt/gcc-linaro-7.5.0-2019.12-x86_64_aarch64-linux-gnu/bin/../lib/gcc/aarch64-linux-gnu/7.5.0/:/opt/gcc-linaro-7.5.0-2019.12-x86_64_aarch64-linux-gnu/bin/../lib/gcc/aarch64-linux-gnu/:/opt/gcc-linaro-7.5.0-2019.12-x86_64_aarch64-linux-gnu/bin/../lib/gcc/:/opt/gcc-linaro-7.5.0-2019.12-x86_64_aarch64-linux-gnu/bin/../lib/gcc/aarch64-linux-gnu/7.5.0/../../../../aarch64-linux-gnu/lib/../lib64/:/opt/gcc-linaro-7.5.0-2019.12-x86_64_aarch64-linux-gnu/bin/../lib/gcc/aarch64-linux-gnu/7.5.0/../../../../aarch64-linux-gnu/lib/:/opt/gcc-linaro-7.5.0-2019.12-x86_64_aarch64-linux-gnu/bin/../aarch64-linux-gnu/libc/lib/:/opt/gcc-linaro-7.5.0-2019.12-x86_64_aarch64-linux-gnu/bin/../aarch64-linux-gnu/libc/usr/lib/
COLLECT_GCC_OPTIONS='-v' '-o' 'CMakeFiles/cmTC_03d74.dir/CMakeCCompilerABI.c.o' '-c' '-march=armv8-a' '-mlittle-endian' '-mabi=lp64'
Linking C executable cmTC_03d74
/home/jitengfei/tool/cmake-3.16.8-Linux-x86_64/bin/cmake -E cmake_link_script CMakeFiles/cmTC_03d74.dir/link.txt --verbose=1
/opt/gcc-linaro-7.5.0-2019.12-x86_64_aarch64-linux-gnu/bin/aarch64-linux-gnu-gcc     -v CMakeFiles/cmTC_03d74.dir/CMakeCCompilerABI.c.o  -o cmTC_03d74 
Using built-in specs.
COLLECT_GCC=/opt/gcc-linaro-7.5.0-2019.12-x86_64_aarch64-linux-gnu/bin/aarch64-linux-gnu-gcc
COLLECT_LTO_WRAPPER=/opt/gcc-linaro-7.5.0-2019.12-x86_64_aarch64-linux-gnu/bin/../libexec/gcc/aarch64-linux-gnu/7.5.0/lto-wrapper
Target: aarch64-linux-gnu
Configured with: '/home/tcwg-buildslave/workspace/tcwg-make-release_0/snapshots/gcc.git~linaro-7.5-2019.12/configure' SHELL=/bin/bash --with-mpc=/home/tcwg-buildslave/workspace/tcwg-make-release_0/_build/builds/destdir/x86_64-unknown-linux-gnu --with-mpfr=/home/tcwg-buildslave/workspace/tcwg-make-release_0/_build/builds/destdir/x86_64-unknown-linux-gnu --with-gmp=/home/tcwg-buildslave/workspace/tcwg-make-release_0/_build/builds/destdir/x86_64-unknown-linux-gnu --with-gnu-as --with-gnu-ld --disable-libmudflap --enable-lto --enable-shared --without-included-gettext --enable-nls --with-system-zlib --disable-sjlj-exceptions --enable-gnu-unique-object --enable-linker-build-id --disable-libstdcxx-pch --enable-c99 --enable-clocale=gnu --enable-libstdcxx-debug --enable-long-long --with-cloog=no --with-ppl=no --with-isl=no --disable-multilib --enable-fix-cortex-a53-835769 --enable-fix-cortex-a53-843419 --with-arch=armv8-a --enable-threads=posix --enable-multiarch --enable-libstdcxx-time=yes --enable-gnu-indirect-function --with-build-sysroot=/home/tcwg-buildslave/workspace/tcwg-make-release_0/_build/sysroots/aarch64-linux-gnu --with-sysroot=/home/tcwg-buildslave/workspace/tcwg-make-release_0/_build/builds/destdir/x86_64-unknown-linux-gnu/aarch64-linux-gnu/libc --enable-checking=release --disable-bootstrap --enable-languages=c,c++,fortran,lto --build=x86_64-unknown-linux-gnu --host=x86_64-unknown-linux-gnu --target=aarch64-linux-gnu --prefix=/home/tcwg-buildslave/workspace/tcwg-make-release_0/_build/builds/destdir/x86_64-unknown-linux-gnu
Thread model: posix
gcc version 7.5.0 (Linaro GCC 7.5-2019.12) 
COMPILER_PATH=/opt/gcc-linaro-7.5.0-2019.12-x86_64_aarch64-linux-gnu/bin/../libexec/gcc/aarch64-linux-gnu/7.5.0/:/opt/gcc-linaro-7.5.0-2019.12-x86_64_aarch64-linux-gnu/bin/../libexec/gcc/aarch64-linux-gnu/:/opt/gcc-linaro-7.5.0-2019.12-x86_64_aarch64-linux-gnu/bin/../libexec/gcc/:/opt/gcc-linaro-7.5.0-2019.12-x86_64_aarch64-linux-gnu/bin/../lib/gcc/aarch64-linux-gnu/7.5.0/../../../../aarch64-linux-gnu/bin/
LIBRARY_PATH=/opt/gcc-linaro-7.5.0-2019.12-x86_64_aarch64-linux-gnu/bin/../lib/gcc/aarch64-linux-gnu/7.5.0/:/opt/gcc-linaro-7.5.0-2019.12-x86_64_aarch64-linux-gnu/bin/../lib/gcc/aarch64-linux-gnu/:/opt/gcc-linaro-7.5.0-2019.12-x86_64_aarch64-linux-gnu/bin/../lib/gcc/:/opt/gcc-linaro-7.5.0-2019.12-x86_64_aarch64-linux-gnu/bin/../lib/gcc/aarch64-linux-gnu/7.5.0/../../../../aarch64-linux-gnu/lib/../lib64/:/opt/gcc-linaro-7.5.0-2019.12-x86_64_aarch64-linux-gnu/bin/../lib/gcc/aarch64-linux-gnu/7.5.0/../../../../aarch64-linux-gnu/lib/:/opt/gcc-linaro-7.5.0-2019.12-x86_64_aarch64-linux-gnu/bin/../aarch64-linux-gnu/libc/lib/:/opt/gcc-linaro-7.5.0-2019.12-x86_64_aarch64-linux-gnu/bin/../aarch64-linux-gnu/libc/usr/lib/
COLLECT_GCC_OPTIONS='-v' '-o' 'cmTC_03d74' '-march=armv8-a' '-mlittle-endian' '-mabi=lp64'
 /opt/gcc-linaro-7.5.0-2019.12-x86_64_aarch64-linux-gnu/bin/../libexec/gcc/aarch64-linux-gnu/7.5.0/collect2 -plugin /opt/gcc-linaro-7.5.0-2019.12-x86_64_aarch64-linux-gnu/bin/../libexec/gcc/aarch64-linux-gnu/7.5.0/liblto_plugin.so -plugin-opt=/opt/gcc-linaro-7.5.0-2019.12-x86_64_aarch64-linux-gnu/bin/../libexec/gcc/aarch64-linux-gnu/7.5.0/lto-wrapper -plugin-opt=-fresolution=/tmp/cc0cin3e.res -plugin-opt=-pass-through=-lgcc -plugin-opt=-pass-through=-lgcc_s -plugin-opt=-pass-through=-lc -plugin-opt=-pass-through=-lgcc -plugin-opt=-pass-through=-lgcc_s --sysroot=/opt/gcc-linaro-7.5.0-2019.12-x86_64_aarch64-linux-gnu/bin/../aarch64-linux-gnu/libc --build-id --eh-frame-hdr -dynamic-linker /lib/ld-linux-aarch64.so.1 -X -EL -maarch64linux --fix-cortex-a53-835769 --fix-cortex-a53-843419 -o cmTC_03d74 /opt/gcc-linaro-7.5.0-2019.12-x86_64_aarch64-linux-gnu/bin/../aarch64-linux-gnu/libc/usr/lib/crt1.o /opt/gcc-linaro-7.5.0-2019.12-x86_64_aarch64-linux-gnu/bin/../aarch64-linux-gnu/libc/usr/lib/crti.o /opt/gcc-linaro-7.5.0-2019.12-x86_64_aarch64-linux-gnu/bin/../lib/gcc/aarch64-linux-gnu/7.5.0/crtbegin.o -L/opt/gcc-linaro-7.5.0-2019.12-x86_64_aarch64-linux-gnu/bin/../lib/gcc/aarch64-linux-gnu/7.5.0 -L/opt/gcc-linaro-7.5.0-2019.12-x86_64_aarch64-linux-gnu/bin/../lib/gcc/aarch64-linux-gnu -L/opt/gcc-linaro-7.5.0-2019.12-x86_64_aarch64-linux-gnu/bin/../lib/gcc -L/opt/gcc-linaro-7.5.0-2019.12-x86_64_aarch64-linux-gnu/bin/../lib/gcc/aarch64-linux-gnu/7.5.0/../../../../aarch64-linux-gnu/lib/../lib64 -L/opt/gcc-linaro-7.5.0-2019.12-x86_64_aarch64-linux-gnu/bin/../lib/gcc/aarch64-linux-gnu/7.5.0/../../../../aarch64-linux-gnu/lib -L/opt/gcc-linaro-7.5.0-2019.12-x86_64_aarch64-linux-gnu/bin/../aarch64-linux-gnu/libc/lib -L/opt/gcc-linaro-7.5.0-2019.12-x86_64_aarch64-linux-gnu/bin/../aarch64-linux-gnu/libc/usr/lib CMakeFiles/cmTC_03d74.dir/CMakeCCompilerABI.c.o -lgcc --as-needed -lgcc_s --no-as-needed -lc -lgcc --as-needed -lgcc_s --no-as-needed /opt/gcc-linaro-7.5.0-2019.12-x86_64_aarch64-linux-gnu/bin/../lib/gcc/aarch64-linux-gnu/7.5.0/crtend.o /opt/gcc-linaro-7.5.0-2019.12-x86_64_aarch64-linux-gnu/bin/../aarch64-linux-gnu/libc/usr/lib/crtn.o
COLLECT_GCC_OPTIONS='-v' '-o' 'cmTC_03d74' '-march=armv8-a' '-mlittle-endian' '-mabi=lp64'
make[1]: Leaving directory '/home/jitengfei/0_9009_new_sdk/xyg_cp_v17_tx_lvbo/cmk/CMakeFiles/CMakeTmp'



Parsed C implicit include dir info from above output: rv=done
  found start of include info
  found start of implicit include info
    add: [/opt/gcc-linaro-7.5.0-2019.12-x86_64_aarch64-linux-gnu/bin/../lib/gcc/aarch64-linux-gnu/7.5.0/include]
    add: [/opt/gcc-linaro-7.5.0-2019.12-x86_64_aarch64-linux-gnu/bin/../lib/gcc/aarch64-linux-gnu/7.5.0/include-fixed]
    add: [/opt/gcc-linaro-7.5.0-2019.12-x86_64_aarch64-linux-gnu/bin/../lib/gcc/aarch64-linux-gnu/7.5.0/../../../../aarch64-linux-gnu/include]
    add: [/opt/gcc-linaro-7.5.0-2019.12-x86_64_aarch64-linux-gnu/bin/../aarch64-linux-gnu/libc/usr/include]
  end of search list found
  collapse include dir [/opt/gcc-linaro-7.5.0-2019.12-x86_64_aarch64-linux-gnu/bin/../lib/gcc/aarch64-linux-gnu/7.5.0/include] ==> [/opt/gcc-linaro-7.5.0-2019.12-x86_64_aarch64-linux-gnu/lib/gcc/aarch64-linux-gnu/7.5.0/include]
  collapse include dir [/opt/gcc-linaro-7.5.0-2019.12-x86_64_aarch64-linux-gnu/bin/../lib/gcc/aarch64-linux-gnu/7.5.0/include-fixed] ==> [/opt/gcc-linaro-7.5.0-2019.12-x86_64_aarch64-linux-gnu/lib/gcc/aarch64-linux-gnu/7.5.0/include-fixed]
  collapse include dir [/opt/gcc-linaro-7.5.0-2019.12-x86_64_aarch64-linux-gnu/bin/../lib/gcc/aarch64-linux-gnu/7.5.0/../../../../aarch64-linux-gnu/include] ==> [/opt/gcc-linaro-7.5.0-2019.12-x86_64_aarch64-linux-gnu/aarch64-linux-gnu/include]
  collapse include dir [/opt/gcc-linaro-7.5.0-2019.12-x86_64_aarch64-linux-gnu/bin/../aarch64-linux-gnu/libc/usr/include] ==> [/opt/gcc-linaro-7.5.0-2019.12-x86_64_aarch64-linux-gnu/aarch64-linux-gnu/libc/usr/include]
  implicit include dirs: [/opt/gcc-linaro-7.5.0-2019.12-x86_64_aarch64-linux-gnu/lib/gcc/aarch64-linux-gnu/7.5.0/include;/opt/gcc-linaro-7.5.0-2019.12-x86_64_aarch64-linux-gnu/lib/gcc/aarch64-linux-gnu/7.5.0/include-fixed;/opt/gcc-linaro-7.5.0-2019.12-x86_64_aarch64-linux-gnu/aarch64-linux-gnu/include;/opt/gcc-linaro-7.5.0-2019.12-x86_64_aarch64-linux-gnu/aarch64-linux-gnu/libc/usr/include]


Parsed C implicit link information from above output:
  link line regex: [^( *|.*[/\])(ld|CMAKE_LINK_STARTFILE-NOTFOUND|([^/\]+-)?ld|collect2)[^/\]*( |$)]
  ignore line: [Change Dir: /home/jitengfei/0_9009_new_sdk/xyg_cp_v17_tx_lvbo/cmk/CMakeFiles/CMakeTmp]
  ignore line: []
  ignore line: [Run Build Command(s):/usr/bin/make cmTC_03d74/fast && /usr/bin/make  -f CMakeFiles/cmTC_03d74.dir/build.make CMakeFiles/cmTC_03d74.dir/build]
  ignore line: [make[1]: Entering directory '/home/jitengfei/0_9009_new_sdk/xyg_cp_v17_tx_lvbo/cmk/CMakeFiles/CMakeTmp']
  ignore line: [Building C object CMakeFiles/cmTC_03d74.dir/CMakeCCompilerABI.c.o]
  ignore line: [/opt/gcc-linaro-7.5.0-2019.12-x86_64_aarch64-linux-gnu/bin/aarch64-linux-gnu-gcc   -v -o CMakeFiles/cmTC_03d74.dir/CMakeCCompilerABI.c.o   -c /home/jitengfei/tool/cmake-3.16.8-Linux-x86_64/share/cmake-3.16/Modules/CMakeCCompilerABI.c]
  ignore line: [Using built-in specs.]
  ignore line: [COLLECT_GCC=/opt/gcc-linaro-7.5.0-2019.12-x86_64_aarch64-linux-gnu/bin/aarch64-linux-gnu-gcc]
  ignore line: [Target: aarch64-linux-gnu]
  ignore line: [Configured with: '/home/tcwg-buildslave/workspace/tcwg-make-release_0/snapshots/gcc.git~linaro-7.5-2019.12/configure' SHELL=/bin/bash --with-mpc=/home/tcwg-buildslave/workspace/tcwg-make-release_0/_build/builds/destdir/x86_64-unknown-linux-gnu --with-mpfr=/home/tcwg-buildslave/workspace/tcwg-make-release_0/_build/builds/destdir/x86_64-unknown-linux-gnu --with-gmp=/home/tcwg-buildslave/workspace/tcwg-make-release_0/_build/builds/destdir/x86_64-unknown-linux-gnu --with-gnu-as --with-gnu-ld --disable-libmudflap --enable-lto --enable-shared --without-included-gettext --enable-nls --with-system-zlib --disable-sjlj-exceptions --enable-gnu-unique-object --enable-linker-build-id --disable-libstdcxx-pch --enable-c99 --enable-clocale=gnu --enable-libstdcxx-debug --enable-long-long --with-cloog=no --with-ppl=no --with-isl=no --disable-multilib --enable-fix-cortex-a53-835769 --enable-fix-cortex-a53-843419 --with-arch=armv8-a --enable-threads=posix --enable-multiarch --enable-libstdcxx-time=yes --enable-gnu-indirect-function --with-build-sysroot=/home/tcwg-buildslave/workspace/tcwg-make-release_0/_build/sysroots/aarch64-linux-gnu --with-sysroot=/home/tcwg-buildslave/workspace/tcwg-make-release_0/_build/builds/destdir/x86_64-unknown-linux-gnu/aarch64-linux-gnu/libc --enable-checking=release --disable-bootstrap --enable-languages=c,c++,fortran,lto --build=x86_64-unknown-linux-gnu --host=x86_64-unknown-linux-gnu --target=aarch64-linux-gnu --prefix=/home/tcwg-buildslave/workspace/tcwg-make-release_0/_build/builds/destdir/x86_64-unknown-linux-gnu]
  ignore line: [Thread model: posix]
  ignore line: [gcc version 7.5.0 (Linaro GCC 7.5-2019.12) ]
  ignore line: [COLLECT_GCC_OPTIONS='-v' '-o' 'CMakeFiles/cmTC_03d74.dir/CMakeCCompilerABI.c.o' '-c' '-march=armv8-a' '-mlittle-endian' '-mabi=lp64']
  ignore line: [ /opt/gcc-linaro-7.5.0-2019.12-x86_64_aarch64-linux-gnu/bin/../libexec/gcc/aarch64-linux-gnu/7.5.0/cc1 -quiet -v -imultiarch aarch64-linux-gnu -iprefix /opt/gcc-linaro-7.5.0-2019.12-x86_64_aarch64-linux-gnu/bin/../lib/gcc/aarch64-linux-gnu/7.5.0/ -isysroot /opt/gcc-linaro-7.5.0-2019.12-x86_64_aarch64-linux-gnu/bin/../aarch64-linux-gnu/libc /home/jitengfei/tool/cmake-3.16.8-Linux-x86_64/share/cmake-3.16/Modules/CMakeCCompilerABI.c -quiet -dumpbase CMakeCCompilerABI.c -march=armv8-a -mlittle-endian -mabi=lp64 -auxbase-strip CMakeFiles/cmTC_03d74.dir/CMakeCCompilerABI.c.o -version -o /tmp/cce8ocTg.s]
  ignore line: [GNU C11 (Linaro GCC 7.5-2019.12) version 7.5.0 (aarch64-linux-gnu)]
  ignore line: [	compiled by GNU C version 4.8.4  GMP version 6.1.2  MPFR version 3.1.5  MPC version 1.0.3  isl version none]
  ignore line: [GGC heuristics: --param ggc-min-expand=100 --param ggc-min-heapsize=131072]
  ignore line: [ignoring duplicate directory "/opt/gcc-linaro-7.5.0-2019.12-x86_64_aarch64-linux-gnu/bin/../lib/gcc/../../lib/gcc/aarch64-linux-gnu/7.5.0/include"]
  ignore line: [ignoring nonexistent directory "/opt/gcc-linaro-7.5.0-2019.12-x86_64_aarch64-linux-gnu/bin/../aarch64-linux-gnu/libc/usr/local/include/aarch64-linux-gnu"]
  ignore line: [ignoring nonexistent directory "/opt/gcc-linaro-7.5.0-2019.12-x86_64_aarch64-linux-gnu/bin/../aarch64-linux-gnu/libc/usr/local/include"]
  ignore line: [ignoring duplicate directory "/opt/gcc-linaro-7.5.0-2019.12-x86_64_aarch64-linux-gnu/bin/../lib/gcc/../../lib/gcc/aarch64-linux-gnu/7.5.0/include-fixed"]
  ignore line: [ignoring duplicate directory "/opt/gcc-linaro-7.5.0-2019.12-x86_64_aarch64-linux-gnu/bin/../lib/gcc/../../lib/gcc/aarch64-linux-gnu/7.5.0/../../../../aarch64-linux-gnu/include"]
  ignore line: [ignoring nonexistent directory "/opt/gcc-linaro-7.5.0-2019.12-x86_64_aarch64-linux-gnu/bin/../aarch64-linux-gnu/libc/usr/include/aarch64-linux-gnu"]
  ignore line: [#include "..." search starts here:]
  ignore line: [#include <...> search starts here:]
  ignore line: [ /opt/gcc-linaro-7.5.0-2019.12-x86_64_aarch64-linux-gnu/bin/../lib/gcc/aarch64-linux-gnu/7.5.0/include]
  ignore line: [ /opt/gcc-linaro-7.5.0-2019.12-x86_64_aarch64-linux-gnu/bin/../lib/gcc/aarch64-linux-gnu/7.5.0/include-fixed]
  ignore line: [ /opt/gcc-linaro-7.5.0-2019.12-x86_64_aarch64-linux-gnu/bin/../lib/gcc/aarch64-linux-gnu/7.5.0/../../../../aarch64-linux-gnu/include]
  ignore line: [ /opt/gcc-linaro-7.5.0-2019.12-x86_64_aarch64-linux-gnu/bin/../aarch64-linux-gnu/libc/usr/include]
  ignore line: [End of search list.]
  ignore line: [GNU C11 (Linaro GCC 7.5-2019.12) version 7.5.0 (aarch64-linux-gnu)]
  ignore line: [	compiled by GNU C version 4.8.4  GMP version 6.1.2  MPFR version 3.1.5  MPC version 1.0.3  isl version none]
  ignore line: [GGC heuristics: --param ggc-min-expand=100 --param ggc-min-heapsize=131072]
  ignore line: [Compiler executable checksum: 5d0f5ce72c62ffb599b2a09a116fcf39]
  ignore line: [COLLECT_GCC_OPTIONS='-v' '-o' 'CMakeFiles/cmTC_03d74.dir/CMakeCCompilerABI.c.o' '-c' '-march=armv8-a' '-mlittle-endian' '-mabi=lp64']
  ignore line: [ /opt/gcc-linaro-7.5.0-2019.12-x86_64_aarch64-linux-gnu/bin/../lib/gcc/aarch64-linux-gnu/7.5.0/../../../../aarch64-linux-gnu/bin/as -v -EL -march=armv8-a -mabi=lp64 -o CMakeFiles/cmTC_03d74.dir/CMakeCCompilerABI.c.o /tmp/cce8ocTg.s]
  ignore line: [GNU assembler version 2.28.2 (aarch64-linux-gnu) using BFD version (Linaro_Binutils-2019.12) 2.28.2.20170706]
  ignore line: [COMPILER_PATH=/opt/gcc-linaro-7.5.0-2019.12-x86_64_aarch64-linux-gnu/bin/../libexec/gcc/aarch64-linux-gnu/7.5.0/:/opt/gcc-linaro-7.5.0-2019.12-x86_64_aarch64-linux-gnu/bin/../libexec/gcc/aarch64-linux-gnu/:/opt/gcc-linaro-7.5.0-2019.12-x86_64_aarch64-linux-gnu/bin/../libexec/gcc/:/opt/gcc-linaro-7.5.0-2019.12-x86_64_aarch64-linux-gnu/bin/../lib/gcc/aarch64-linux-gnu/7.5.0/../../../../aarch64-linux-gnu/bin/]
  ignore line: [LIBRARY_PATH=/opt/gcc-linaro-7.5.0-2019.12-x86_64_aarch64-linux-gnu/bin/../lib/gcc/aarch64-linux-gnu/7.5.0/:/opt/gcc-linaro-7.5.0-2019.12-x86_64_aarch64-linux-gnu/bin/../lib/gcc/aarch64-linux-gnu/:/opt/gcc-linaro-7.5.0-2019.12-x86_64_aarch64-linux-gnu/bin/../lib/gcc/:/opt/gcc-linaro-7.5.0-2019.12-x86_64_aarch64-linux-gnu/bin/../lib/gcc/aarch64-linux-gnu/7.5.0/../../../../aarch64-linux-gnu/lib/../lib64/:/opt/gcc-linaro-7.5.0-2019.12-x86_64_aarch64-linux-gnu/bin/../lib/gcc/aarch64-linux-gnu/7.5.0/../../../../aarch64-linux-gnu/lib/:/opt/gcc-linaro-7.5.0-2019.12-x86_64_aarch64-linux-gnu/bin/../aarch64-linux-gnu/libc/lib/:/opt/gcc-linaro-7.5.0-2019.12-x86_64_aarch64-linux-gnu/bin/../aarch64-linux-gnu/libc/usr/lib/]
  ignore line: [COLLECT_GCC_OPTIONS='-v' '-o' 'CMakeFiles/cmTC_03d74.dir/CMakeCCompilerABI.c.o' '-c' '-march=armv8-a' '-mlittle-endian' '-mabi=lp64']
  ignore line: [Linking C executable cmTC_03d74]
  ignore line: [/home/jitengfei/tool/cmake-3.16.8-Linux-x86_64/bin/cmake -E cmake_link_script CMakeFiles/cmTC_03d74.dir/link.txt --verbose=1]
  ignore line: [/opt/gcc-linaro-7.5.0-2019.12-x86_64_aarch64-linux-gnu/bin/aarch64-linux-gnu-gcc     -v CMakeFiles/cmTC_03d74.dir/CMakeCCompilerABI.c.o  -o cmTC_03d74 ]
  ignore line: [Using built-in specs.]
  ignore line: [COLLECT_GCC=/opt/gcc-linaro-7.5.0-2019.12-x86_64_aarch64-linux-gnu/bin/aarch64-linux-gnu-gcc]
  ignore line: [COLLECT_LTO_WRAPPER=/opt/gcc-linaro-7.5.0-2019.12-x86_64_aarch64-linux-gnu/bin/../libexec/gcc/aarch64-linux-gnu/7.5.0/lto-wrapper]
  ignore line: [Target: aarch64-linux-gnu]
  ignore line: [Configured with: '/home/tcwg-buildslave/workspace/tcwg-make-release_0/snapshots/gcc.git~linaro-7.5-2019.12/configure' SHELL=/bin/bash --with-mpc=/home/tcwg-buildslave/workspace/tcwg-make-release_0/_build/builds/destdir/x86_64-unknown-linux-gnu --with-mpfr=/home/tcwg-buildslave/workspace/tcwg-make-release_0/_build/builds/destdir/x86_64-unknown-linux-gnu --with-gmp=/home/tcwg-buildslave/workspace/tcwg-make-release_0/_build/builds/destdir/x86_64-unknown-linux-gnu --with-gnu-as --with-gnu-ld --disable-libmudflap --enable-lto --enable-shared --without-included-gettext --enable-nls --with-system-zlib --disable-sjlj-exceptions --enable-gnu-unique-object --enable-linker-build-id --disable-libstdcxx-pch --enable-c99 --enable-clocale=gnu --enable-libstdcxx-debug --enable-long-long --with-cloog=no --with-ppl=no --with-isl=no --disable-multilib --enable-fix-cortex-a53-835769 --enable-fix-cortex-a53-843419 --with-arch=armv8-a --enable-threads=posix --enable-multiarch --enable-libstdcxx-time=yes --enable-gnu-indirect-function --with-build-sysroot=/home/tcwg-buildslave/workspace/tcwg-make-release_0/_build/sysroots/aarch64-linux-gnu --with-sysroot=/home/tcwg-buildslave/workspace/tcwg-make-release_0/_build/builds/destdir/x86_64-unknown-linux-gnu/aarch64-linux-gnu/libc --enable-checking=release --disable-bootstrap --enable-languages=c,c++,fortran,lto --build=x86_64-unknown-linux-gnu --host=x86_64-unknown-linux-gnu --target=aarch64-linux-gnu --prefix=/home/tcwg-buildslave/workspace/tcwg-make-release_0/_build/builds/destdir/x86_64-unknown-linux-gnu]
  ignore line: [Thread model: posix]
  ignore line: [gcc version 7.5.0 (Linaro GCC 7.5-2019.12) ]
  ignore line: [COMPILER_PATH=/opt/gcc-linaro-7.5.0-2019.12-x86_64_aarch64-linux-gnu/bin/../libexec/gcc/aarch64-linux-gnu/7.5.0/:/opt/gcc-linaro-7.5.0-2019.12-x86_64_aarch64-linux-gnu/bin/../libexec/gcc/aarch64-linux-gnu/:/opt/gcc-linaro-7.5.0-2019.12-x86_64_aarch64-linux-gnu/bin/../libexec/gcc/:/opt/gcc-linaro-7.5.0-2019.12-x86_64_aarch64-linux-gnu/bin/../lib/gcc/aarch64-linux-gnu/7.5.0/../../../../aarch64-linux-gnu/bin/]
  ignore line: [LIBRARY_PATH=/opt/gcc-linaro-7.5.0-2019.12-x86_64_aarch64-linux-gnu/bin/../lib/gcc/aarch64-linux-gnu/7.5.0/:/opt/gcc-linaro-7.5.0-2019.12-x86_64_aarch64-linux-gnu/bin/../lib/gcc/aarch64-linux-gnu/:/opt/gcc-linaro-7.5.0-2019.12-x86_64_aarch64-linux-gnu/bin/../lib/gcc/:/opt/gcc-linaro-7.5.0-2019.12-x86_64_aarch64-linux-gnu/bin/../lib/gcc/aarch64-linux-gnu/7.5.0/../../../../aarch64-linux-gnu/lib/../lib64/:/opt/gcc-linaro-7.5.0-2019.12-x86_64_aarch64-linux-gnu/bin/../lib/gcc/aarch64-linux-gnu/7.5.0/../../../../aarch64-linux-gnu/lib/:/opt/gcc-linaro-7.5.0-2019.12-x86_64_aarch64-linux-gnu/bin/../aarch64-linux-gnu/libc/lib/:/opt/gcc-linaro-7.5.0-2019.12-x86_64_aarch64-linux-gnu/bin/../aarch64-linux-gnu/libc/usr/lib/]
  ignore line: [COLLECT_GCC_OPTIONS='-v' '-o' 'cmTC_03d74' '-march=armv8-a' '-mlittle-endian' '-mabi=lp64']
  link line: [ /opt/gcc-linaro-7.5.0-2019.12-x86_64_aarch64-linux-gnu/bin/../libexec/gcc/aarch64-linux-gnu/7.5.0/collect2 -plugin /opt/gcc-linaro-7.5.0-2019.12-x86_64_aarch64-linux-gnu/bin/../libexec/gcc/aarch64-linux-gnu/7.5.0/liblto_plugin.so -plugin-opt=/opt/gcc-linaro-7.5.0-2019.12-x86_64_aarch64-linux-gnu/bin/../libexec/gcc/aarch64-linux-gnu/7.5.0/lto-wrapper -plugin-opt=-fresolution=/tmp/cc0cin3e.res -plugin-opt=-pass-through=-lgcc -plugin-opt=-pass-through=-lgcc_s -plugin-opt=-pass-through=-lc -plugin-opt=-pass-through=-lgcc -plugin-opt=-pass-through=-lgcc_s --sysroot=/opt/gcc-linaro-7.5.0-2019.12-x86_64_aarch64-linux-gnu/bin/../aarch64-linux-gnu/libc --build-id --eh-frame-hdr -dynamic-linker /lib/ld-linux-aarch64.so.1 -X -EL -maarch64linux --fix-cortex-a53-835769 --fix-cortex-a53-843419 -o cmTC_03d74 /opt/gcc-linaro-7.5.0-2019.12-x86_64_aarch64-linux-gnu/bin/../aarch64-linux-gnu/libc/usr/lib/crt1.o /opt/gcc-linaro-7.5.0-2019.12-x86_64_aarch64-linux-gnu/bin/../aarch64-linux-gnu/libc/usr/lib/crti.o /opt/gcc-linaro-7.5.0-2019.12-x86_64_aarch64-linux-gnu/bin/../lib/gcc/aarch64-linux-gnu/7.5.0/crtbegin.o -L/opt/gcc-linaro-7.5.0-2019.12-x86_64_aarch64-linux-gnu/bin/../lib/gcc/aarch64-linux-gnu/7.5.0 -L/opt/gcc-linaro-7.5.0-2019.12-x86_64_aarch64-linux-gnu/bin/../lib/gcc/aarch64-linux-gnu -L/opt/gcc-linaro-7.5.0-2019.12-x86_64_aarch64-linux-gnu/bin/../lib/gcc -L/opt/gcc-linaro-7.5.0-2019.12-x86_64_aarch64-linux-gnu/bin/../lib/gcc/aarch64-linux-gnu/7.5.0/../../../../aarch64-linux-gnu/lib/../lib64 -L/opt/gcc-linaro-7.5.0-2019.12-x86_64_aarch64-linux-gnu/bin/../lib/gcc/aarch64-linux-gnu/7.5.0/../../../../aarch64-linux-gnu/lib -L/opt/gcc-linaro-7.5.0-2019.12-x86_64_aarch64-linux-gnu/bin/../aarch64-linux-gnu/libc/lib -L/opt/gcc-linaro-7.5.0-2019.12-x86_64_aarch64-linux-gnu/bin/../aarch64-linux-gnu/libc/usr/lib CMakeFiles/cmTC_03d74.dir/CMakeCCompilerABI.c.o -lgcc --as-needed -lgcc_s --no-as-needed -lc -lgcc --as-needed -lgcc_s --no-as-needed /opt/gcc-linaro-7.5.0-2019.12-x86_64_aarch64-linux-gnu/bin/../lib/gcc/aarch64-linux-gnu/7.5.0/crtend.o /opt/gcc-linaro-7.5.0-2019.12-x86_64_aarch64-linux-gnu/bin/../aarch64-linux-gnu/libc/usr/lib/crtn.o]
    arg [/opt/gcc-linaro-7.5.0-2019.12-x86_64_aarch64-linux-gnu/bin/../libexec/gcc/aarch64-linux-gnu/7.5.0/collect2] ==> ignore
    arg [-plugin] ==> ignore
    arg [/opt/gcc-linaro-7.5.0-2019.12-x86_64_aarch64-linux-gnu/bin/../libexec/gcc/aarch64-linux-gnu/7.5.0/liblto_plugin.so] ==> ignore
    arg [-plugin-opt=/opt/gcc-linaro-7.5.0-2019.12-x86_64_aarch64-linux-gnu/bin/../libexec/gcc/aarch64-linux-gnu/7.5.0/lto-wrapper] ==> ignore
    arg [-plugin-opt=-fresolution=/tmp/cc0cin3e.res] ==> ignore
    arg [-plugin-opt=-pass-through=-lgcc] ==> ignore
    arg [-plugin-opt=-pass-through=-lgcc_s] ==> ignore
    arg [-plugin-opt=-pass-through=-lc] ==> ignore
    arg [-plugin-opt=-pass-through=-lgcc] ==> ignore
    arg [-plugin-opt=-pass-through=-lgcc_s] ==> ignore
    arg [--sysroot=/opt/gcc-linaro-7.5.0-2019.12-x86_64_aarch64-linux-gnu/bin/../aarch64-linux-gnu/libc] ==> ignore
    arg [--build-id] ==> ignore
    arg [--eh-frame-hdr] ==> ignore
    arg [-dynamic-linker] ==> ignore
    arg [/lib/ld-linux-aarch64.so.1] ==> ignore
    arg [-X] ==> ignore
    arg [-EL] ==> ignore
    arg [-maarch64linux] ==> ignore
    arg [--fix-cortex-a53-835769] ==> ignore
    arg [--fix-cortex-a53-843419] ==> ignore
    arg [-o] ==> ignore
    arg [cmTC_03d74] ==> ignore
    arg [/opt/gcc-linaro-7.5.0-2019.12-x86_64_aarch64-linux-gnu/bin/../aarch64-linux-gnu/libc/usr/lib/crt1.o] ==> ignore
    arg [/opt/gcc-linaro-7.5.0-2019.12-x86_64_aarch64-linux-gnu/bin/../aarch64-linux-gnu/libc/usr/lib/crti.o] ==> ignore
    arg [/opt/gcc-linaro-7.5.0-2019.12-x86_64_aarch64-linux-gnu/bin/../lib/gcc/aarch64-linux-gnu/7.5.0/crtbegin.o] ==> ignore
    arg [-L/opt/gcc-linaro-7.5.0-2019.12-x86_64_aarch64-linux-gnu/bin/../lib/gcc/aarch64-linux-gnu/7.5.0] ==> dir [/opt/gcc-linaro-7.5.0-2019.12-x86_64_aarch64-linux-gnu/bin/../lib/gcc/aarch64-linux-gnu/7.5.0]
    arg [-L/opt/gcc-linaro-7.5.0-2019.12-x86_64_aarch64-linux-gnu/bin/../lib/gcc/aarch64-linux-gnu] ==> dir [/opt/gcc-linaro-7.5.0-2019.12-x86_64_aarch64-linux-gnu/bin/../lib/gcc/aarch64-linux-gnu]
    arg [-L/opt/gcc-linaro-7.5.0-2019.12-x86_64_aarch64-linux-gnu/bin/../lib/gcc] ==> dir [/opt/gcc-linaro-7.5.0-2019.12-x86_64_aarch64-linux-gnu/bin/../lib/gcc]
    arg [-L/opt/gcc-linaro-7.5.0-2019.12-x86_64_aarch64-linux-gnu/bin/../lib/gcc/aarch64-linux-gnu/7.5.0/../../../../aarch64-linux-gnu/lib/../lib64] ==> dir [/opt/gcc-linaro-7.5.0-2019.12-x86_64_aarch64-linux-gnu/bin/../lib/gcc/aarch64-linux-gnu/7.5.0/../../../../aarch64-linux-gnu/lib/../lib64]
    arg [-L/opt/gcc-linaro-7.5.0-2019.12-x86_64_aarch64-linux-gnu/bin/../lib/gcc/aarch64-linux-gnu/7.5.0/../../../../aarch64-linux-gnu/lib] ==> dir [/opt/gcc-linaro-7.5.0-2019.12-x86_64_aarch64-linux-gnu/bin/../lib/gcc/aarch64-linux-gnu/7.5.0/../../../../aarch64-linux-gnu/lib]
    arg [-L/opt/gcc-linaro-7.5.0-2019.12-x86_64_aarch64-linux-gnu/bin/../aarch64-linux-gnu/libc/lib] ==> dir [/opt/gcc-linaro-7.5.0-2019.12-x86_64_aarch64-linux-gnu/bin/../aarch64-linux-gnu/libc/lib]
    arg [-L/opt/gcc-linaro-7.5.0-2019.12-x86_64_aarch64-linux-gnu/bin/../aarch64-linux-gnu/libc/usr/lib] ==> dir [/opt/gcc-linaro-7.5.0-2019.12-x86_64_aarch64-linux-gnu/bin/../aarch64-linux-gnu/libc/usr/lib]
    arg [CMakeFiles/cmTC_03d74.dir/CMakeCCompilerABI.c.o] ==> ignore
    arg [-lgcc] ==> lib [gcc]
    arg [--as-needed] ==> ignore
    arg [-lgcc_s] ==> lib [gcc_s]
    arg [--no-as-needed] ==> ignore
    arg [-lc] ==> lib [c]
    arg [-lgcc] ==> lib [gcc]
    arg [--as-needed] ==> ignore
    arg [-lgcc_s] ==> lib [gcc_s]
    arg [--no-as-needed] ==> ignore
    arg [/opt/gcc-linaro-7.5.0-2019.12-x86_64_aarch64-linux-gnu/bin/../lib/gcc/aarch64-linux-gnu/7.5.0/crtend.o] ==> ignore
    arg [/opt/gcc-linaro-7.5.0-2019.12-x86_64_aarch64-linux-gnu/bin/../aarch64-linux-gnu/libc/usr/lib/crtn.o] ==> ignore
  collapse library dir [/opt/gcc-linaro-7.5.0-2019.12-x86_64_aarch64-linux-gnu/bin/../lib/gcc/aarch64-linux-gnu/7.5.0] ==> [/opt/gcc-linaro-7.5.0-2019.12-x86_64_aarch64-linux-gnu/lib/gcc/aarch64-linux-gnu/7.5.0]
  collapse library dir [/opt/gcc-linaro-7.5.0-2019.12-x86_64_aarch64-linux-gnu/bin/../lib/gcc/aarch64-linux-gnu] ==> [/opt/gcc-linaro-7.5.0-2019.12-x86_64_aarch64-linux-gnu/lib/gcc/aarch64-linux-gnu]
  collapse library dir [/opt/gcc-linaro-7.5.0-2019.12-x86_64_aarch64-linux-gnu/bin/../lib/gcc] ==> [/opt/gcc-linaro-7.5.0-2019.12-x86_64_aarch64-linux-gnu/lib/gcc]
  collapse library dir [/opt/gcc-linaro-7.5.0-2019.12-x86_64_aarch64-linux-gnu/bin/../lib/gcc/aarch64-linux-gnu/7.5.0/../../../../aarch64-linux-gnu/lib/../lib64] ==> [/opt/gcc-linaro-7.5.0-2019.12-x86_64_aarch64-linux-gnu/aarch64-linux-gnu/lib64]
  collapse library dir [/opt/gcc-linaro-7.5.0-2019.12-x86_64_aarch64-linux-gnu/bin/../lib/gcc/aarch64-linux-gnu/7.5.0/../../../../aarch64-linux-gnu/lib] ==> [/opt/gcc-linaro-7.5.0-2019.12-x86_64_aarch64-linux-gnu/aarch64-linux-gnu/lib]
  collapse library dir [/opt/gcc-linaro-7.5.0-2019.12-x86_64_aarch64-linux-gnu/bin/../aarch64-linux-gnu/libc/lib] ==> [/opt/gcc-linaro-7.5.0-2019.12-x86_64_aarch64-linux-gnu/aarch64-linux-gnu/libc/lib]
  collapse library dir [/opt/gcc-linaro-7.5.0-2019.12-x86_64_aarch64-linux-gnu/bin/../aarch64-linux-gnu/libc/usr/lib] ==> [/opt/gcc-linaro-7.5.0-2019.12-x86_64_aarch64-linux-gnu/aarch64-linux-gnu/libc/usr/lib]
  implicit libs: [gcc;gcc_s;c;gcc;gcc_s]
  implicit dirs: [/opt/gcc-linaro-7.5.0-2019.12-x86_64_aarch64-linux-gnu/lib/gcc/aarch64-linux-gnu/7.5.0;/opt/gcc-linaro-7.5.0-2019.12-x86_64_aarch64-linux-gnu/lib/gcc/aarch64-linux-gnu;/opt/gcc-linaro-7.5.0-2019.12-x86_64_aarch64-linux-gnu/lib/gcc;/opt/gcc-linaro-7.5.0-2019.12-x86_64_aarch64-linux-gnu/aarch64-linux-gnu/lib64;/opt/gcc-linaro-7.5.0-2019.12-x86_64_aarch64-linux-gnu/aarch64-linux-gnu/lib;/opt/gcc-linaro-7.5.0-2019.12-x86_64_aarch64-linux-gnu/aarch64-linux-gnu/libc/lib;/opt/gcc-linaro-7.5.0-2019.12-x86_64_aarch64-linux-gnu/aarch64-linux-gnu/libc/usr/lib]
  implicit fwks: []


Determining if the CXX compiler works passed with the following output:
Change Dir: /home/jitengfei/0_9009_new_sdk/xyg_cp_v17_tx_lvbo/cmk/CMakeFiles/CMakeTmp

Run Build Command(s):/usr/bin/make cmTC_4a748/fast && /usr/bin/make  -f CMakeFiles/cmTC_4a748.dir/build.make CMakeFiles/cmTC_4a748.dir/build
make[1]: 进入目录“/home/jitengfei/0_9009_new_sdk/xyg_cp_v17_tx_lvbo/cmk/CMakeFiles/CMakeTmp”
Building CXX object CMakeFiles/cmTC_4a748.dir/testCXXCompiler.cxx.o
/usr/bin/c++     -o CMakeFiles/cmTC_4a748.dir/testCXXCompiler.cxx.o -c /home/jitengfei/0_9009_new_sdk/xyg_cp_v17_tx_lvbo/cmk/CMakeFiles/CMakeTmp/testCXXCompiler.cxx
Linking CXX executable cmTC_4a748
/home/jitengfei/tool/cmake-3.16.8-Linux-x86_64/bin/cmake -E cmake_link_script CMakeFiles/cmTC_4a748.dir/link.txt --verbose=1
/usr/bin/c++       CMakeFiles/cmTC_4a748.dir/testCXXCompiler.cxx.o  -o cmTC_4a748 
make[1]: 离开目录“/home/jitengfei/0_9009_new_sdk/xyg_cp_v17_tx_lvbo/cmk/CMakeFiles/CMakeTmp”



Detecting CXX compiler ABI info compiled with the following output:
Change Dir: /home/jitengfei/0_9009_new_sdk/xyg_cp_v17_tx_lvbo/cmk/CMakeFiles/CMakeTmp

Run Build Command(s):/usr/bin/make cmTC_05909/fast && /usr/bin/make  -f CMakeFiles/cmTC_05909.dir/build.make CMakeFiles/cmTC_05909.dir/build
make[1]: Entering directory '/home/jitengfei/0_9009_new_sdk/xyg_cp_v17_tx_lvbo/cmk/CMakeFiles/CMakeTmp'
Building CXX object CMakeFiles/cmTC_05909.dir/CMakeCXXCompilerABI.cpp.o
/usr/bin/c++    -v -o CMakeFiles/cmTC_05909.dir/CMakeCXXCompilerABI.cpp.o -c /home/jitengfei/tool/cmake-3.16.8-Linux-x86_64/share/cmake-3.16/Modules/CMakeCXXCompilerABI.cpp
Using built-in specs.
COLLECT_GCC=/usr/bin/c++
OFFLOAD_TARGET_NAMES=nvptx-none
OFFLOAD_TARGET_DEFAULT=1
Target: x86_64-linux-gnu
Configured with: ../src/configure -v --with-pkgversion='Ubuntu 7.5.0-3ubuntu1~18.04' --with-bugurl=file:///usr/share/doc/gcc-7/README.Bugs --enable-languages=c,ada,c++,go,brig,d,fortran,objc,obj-c++ --prefix=/usr --with-gcc-major-version-only --program-suffix=-7 --program-prefix=x86_64-linux-gnu- --enable-shared --enable-linker-build-id --libexecdir=/usr/lib --without-included-gettext --enable-threads=posix --libdir=/usr/lib --enable-nls --enable-bootstrap --enable-clocale=gnu --enable-libstdcxx-debug --enable-libstdcxx-time=yes --with-default-libstdcxx-abi=new --enable-gnu-unique-object --disable-vtable-verify --enable-libmpx --enable-plugin --enable-default-pie --with-system-zlib --with-target-system-zlib --enable-objc-gc=auto --enable-multiarch --disable-werror --with-arch-32=i686 --with-abi=m64 --with-multilib-list=m32,m64,mx32 --enable-multilib --with-tune=generic --enable-offload-targets=nvptx-none --without-cuda-driver --enable-checking=release --build=x86_64-linux-gnu --host=x86_64-linux-gnu --target=x86_64-linux-gnu
Thread model: posix
gcc version 7.5.0 (Ubuntu 7.5.0-3ubuntu1~18.04) 
COLLECT_GCC_OPTIONS='-v' '-o' 'CMakeFiles/cmTC_05909.dir/CMakeCXXCompilerABI.cpp.o' '-c' '-shared-libgcc' '-mtune=generic' '-march=x86-64'
 /usr/lib/gcc/x86_64-linux-gnu/7/cc1plus -quiet -v -imultiarch x86_64-linux-gnu -D_GNU_SOURCE /home/jitengfei/tool/cmake-3.16.8-Linux-x86_64/share/cmake-3.16/Modules/CMakeCXXCompilerABI.cpp -quiet -dumpbase CMakeCXXCompilerABI.cpp -mtune=generic -march=x86-64 -auxbase-strip CMakeFiles/cmTC_05909.dir/CMakeCXXCompilerABI.cpp.o -version -fstack-protector-strong -Wformat -Wformat-security -o /tmp/ccqmJx5r.s
GNU C++14 (Ubuntu 7.5.0-3ubuntu1~18.04) version 7.5.0 (x86_64-linux-gnu)
	compiled by GNU C version 7.5.0, GMP version 6.1.2, MPFR version 4.0.1, MPC version 1.1.0, isl version isl-0.19-GMP

GGC heuristics: --param ggc-min-expand=100 --param ggc-min-heapsize=131072
ignoring duplicate directory "/usr/include/x86_64-linux-gnu/c++/7"
ignoring nonexistent directory "/usr/local/include/x86_64-linux-gnu"
ignoring nonexistent directory "/usr/lib/gcc/x86_64-linux-gnu/7/../../../../x86_64-linux-gnu/include"
#include "..." search starts here:
#include <...> search starts here:
 /usr/include/c++/7
 /usr/include/x86_64-linux-gnu/c++/7
 /usr/include/c++/7/backward
 /usr/lib/gcc/x86_64-linux-gnu/7/include
 /usr/local/include
 /usr/lib/gcc/x86_64-linux-gnu/7/include-fixed
 /usr/include/x86_64-linux-gnu
 /usr/include
End of search list.
GNU C++14 (Ubuntu 7.5.0-3ubuntu1~18.04) version 7.5.0 (x86_64-linux-gnu)
	compiled by GNU C version 7.5.0, GMP version 6.1.2, MPFR version 4.0.1, MPC version 1.1.0, isl version isl-0.19-GMP

GGC heuristics: --param ggc-min-expand=100 --param ggc-min-heapsize=131072
Compiler executable checksum: 3eb3dc290cd5714c3e1c3ae751116f07
COLLECT_GCC_OPTIONS='-v' '-o' 'CMakeFiles/cmTC_05909.dir/CMakeCXXCompilerABI.cpp.o' '-c' '-shared-libgcc' '-mtune=generic' '-march=x86-64'
 as -v --64 -o CMakeFiles/cmTC_05909.dir/CMakeCXXCompilerABI.cpp.o /tmp/ccqmJx5r.s
GNU assembler version 2.30 (x86_64-linux-gnu) using BFD version (GNU Binutils for Ubuntu) 2.30
COMPILER_PATH=/usr/lib/gcc/x86_64-linux-gnu/7/:/usr/lib/gcc/x86_64-linux-gnu/7/:/usr/lib/gcc/x86_64-linux-gnu/:/usr/lib/gcc/x86_64-linux-gnu/7/:/usr/lib/gcc/x86_64-linux-gnu/
LIBRARY_PATH=/usr/lib/gcc/x86_64-linux-gnu/7/:/usr/lib/gcc/x86_64-linux-gnu/7/../../../x86_64-linux-gnu/:/usr/lib/gcc/x86_64-linux-gnu/7/../../../../lib/:/lib/x86_64-linux-gnu/:/lib/../lib/:/usr/lib/x86_64-linux-gnu/:/usr/lib/../lib/:/usr/lib/gcc/x86_64-linux-gnu/7/../../../:/lib/:/usr/lib/
COLLECT_GCC_OPTIONS='-v' '-o' 'CMakeFiles/cmTC_05909.dir/CMakeCXXCompilerABI.cpp.o' '-c' '-shared-libgcc' '-mtune=generic' '-march=x86-64'
Linking CXX executable cmTC_05909
/home/jitengfei/tool/cmake-3.16.8-Linux-x86_64/bin/cmake -E cmake_link_script CMakeFiles/cmTC_05909.dir/link.txt --verbose=1
/usr/bin/c++      -v CMakeFiles/cmTC_05909.dir/CMakeCXXCompilerABI.cpp.o  -o cmTC_05909 
Using built-in specs.
COLLECT_GCC=/usr/bin/c++
COLLECT_LTO_WRAPPER=/usr/lib/gcc/x86_64-linux-gnu/7/lto-wrapper
OFFLOAD_TARGET_NAMES=nvptx-none
OFFLOAD_TARGET_DEFAULT=1
Target: x86_64-linux-gnu
Configured with: ../src/configure -v --with-pkgversion='Ubuntu 7.5.0-3ubuntu1~18.04' --with-bugurl=file:///usr/share/doc/gcc-7/README.Bugs --enable-languages=c,ada,c++,go,brig,d,fortran,objc,obj-c++ --prefix=/usr --with-gcc-major-version-only --program-suffix=-7 --program-prefix=x86_64-linux-gnu- --enable-shared --enable-linker-build-id --libexecdir=/usr/lib --without-included-gettext --enable-threads=posix --libdir=/usr/lib --enable-nls --enable-bootstrap --enable-clocale=gnu --enable-libstdcxx-debug --enable-libstdcxx-time=yes --with-default-libstdcxx-abi=new --enable-gnu-unique-object --disable-vtable-verify --enable-libmpx --enable-plugin --enable-default-pie --with-system-zlib --with-target-system-zlib --enable-objc-gc=auto --enable-multiarch --disable-werror --with-arch-32=i686 --with-abi=m64 --with-multilib-list=m32,m64,mx32 --enable-multilib --with-tune=generic --enable-offload-targets=nvptx-none --without-cuda-driver --enable-checking=release --build=x86_64-linux-gnu --host=x86_64-linux-gnu --target=x86_64-linux-gnu
Thread model: posix
gcc version 7.5.0 (Ubuntu 7.5.0-3ubuntu1~18.04) 
COMPILER_PATH=/usr/lib/gcc/x86_64-linux-gnu/7/:/usr/lib/gcc/x86_64-linux-gnu/7/:/usr/lib/gcc/x86_64-linux-gnu/:/usr/lib/gcc/x86_64-linux-gnu/7/:/usr/lib/gcc/x86_64-linux-gnu/
LIBRARY_PATH=/usr/lib/gcc/x86_64-linux-gnu/7/:/usr/lib/gcc/x86_64-linux-gnu/7/../../../x86_64-linux-gnu/:/usr/lib/gcc/x86_64-linux-gnu/7/../../../../lib/:/lib/x86_64-linux-gnu/:/lib/../lib/:/usr/lib/x86_64-linux-gnu/:/usr/lib/../lib/:/usr/lib/gcc/x86_64-linux-gnu/7/../../../:/lib/:/usr/lib/
COLLECT_GCC_OPTIONS='-v' '-o' 'cmTC_05909' '-shared-libgcc' '-mtune=generic' '-march=x86-64'
 /usr/lib/gcc/x86_64-linux-gnu/7/collect2 -plugin /usr/lib/gcc/x86_64-linux-gnu/7/liblto_plugin.so -plugin-opt=/usr/lib/gcc/x86_64-linux-gnu/7/lto-wrapper -plugin-opt=-fresolution=/tmp/ccFDeLru.res -plugin-opt=-pass-through=-lgcc_s -plugin-opt=-pass-through=-lgcc -plugin-opt=-pass-through=-lc -plugin-opt=-pass-through=-lgcc_s -plugin-opt=-pass-through=-lgcc --build-id --eh-frame-hdr -m elf_x86_64 --hash-style=gnu --as-needed -dynamic-linker /lib64/ld-linux-x86-64.so.2 -pie -z now -z relro -o cmTC_05909 /usr/lib/gcc/x86_64-linux-gnu/7/../../../x86_64-linux-gnu/Scrt1.o /usr/lib/gcc/x86_64-linux-gnu/7/../../../x86_64-linux-gnu/crti.o /usr/lib/gcc/x86_64-linux-gnu/7/crtbeginS.o -L/usr/lib/gcc/x86_64-linux-gnu/7 -L/usr/lib/gcc/x86_64-linux-gnu/7/../../../x86_64-linux-gnu -L/usr/lib/gcc/x86_64-linux-gnu/7/../../../../lib -L/lib/x86_64-linux-gnu -L/lib/../lib -L/usr/lib/x86_64-linux-gnu -L/usr/lib/../lib -L/usr/lib/gcc/x86_64-linux-gnu/7/../../.. CMakeFiles/cmTC_05909.dir/CMakeCXXCompilerABI.cpp.o -lstdc++ -lm -lgcc_s -lgcc -lc -lgcc_s -lgcc /usr/lib/gcc/x86_64-linux-gnu/7/crtendS.o /usr/lib/gcc/x86_64-linux-gnu/7/../../../x86_64-linux-gnu/crtn.o
COLLECT_GCC_OPTIONS='-v' '-o' 'cmTC_05909' '-shared-libgcc' '-mtune=generic' '-march=x86-64'
make[1]: Leaving directory '/home/jitengfei/0_9009_new_sdk/xyg_cp_v17_tx_lvbo/cmk/CMakeFiles/CMakeTmp'



Parsed CXX implicit include dir info from above output: rv=done
  found start of include info
  found start of implicit include info
    add: [/usr/include/c++/7]
    add: [/usr/include/x86_64-linux-gnu/c++/7]
    add: [/usr/include/c++/7/backward]
    add: [/usr/lib/gcc/x86_64-linux-gnu/7/include]
    add: [/usr/local/include]
    add: [/usr/lib/gcc/x86_64-linux-gnu/7/include-fixed]
    add: [/usr/include/x86_64-linux-gnu]
    add: [/usr/include]
  end of search list found
  collapse include dir [/usr/include/c++/7] ==> [/usr/include/c++/7]
  collapse include dir [/usr/include/x86_64-linux-gnu/c++/7] ==> [/usr/include/x86_64-linux-gnu/c++/7]
  collapse include dir [/usr/include/c++/7/backward] ==> [/usr/include/c++/7/backward]
  collapse include dir [/usr/lib/gcc/x86_64-linux-gnu/7/include] ==> [/usr/lib/gcc/x86_64-linux-gnu/7/include]
  collapse include dir [/usr/local/include] ==> [/usr/local/include]
  collapse include dir [/usr/lib/gcc/x86_64-linux-gnu/7/include-fixed] ==> [/usr/lib/gcc/x86_64-linux-gnu/7/include-fixed]
  collapse include dir [/usr/include/x86_64-linux-gnu] ==> [/usr/include/x86_64-linux-gnu]
  collapse include dir [/usr/include] ==> [/usr/include]
  implicit include dirs: [/usr/include/c++/7;/usr/include/x86_64-linux-gnu/c++/7;/usr/include/c++/7/backward;/usr/lib/gcc/x86_64-linux-gnu/7/include;/usr/local/include;/usr/lib/gcc/x86_64-linux-gnu/7/include-fixed;/usr/include/x86_64-linux-gnu;/usr/include]


Parsed CXX implicit link information from above output:
  link line regex: [^( *|.*[/\])(ld|CMAKE_LINK_STARTFILE-NOTFOUND|([^/\]+-)?ld|collect2)[^/\]*( |$)]
  ignore line: [Change Dir: /home/jitengfei/0_9009_new_sdk/xyg_cp_v17_tx_lvbo/cmk/CMakeFiles/CMakeTmp]
  ignore line: []
  ignore line: [Run Build Command(s):/usr/bin/make cmTC_05909/fast && /usr/bin/make  -f CMakeFiles/cmTC_05909.dir/build.make CMakeFiles/cmTC_05909.dir/build]
  ignore line: [make[1]: Entering directory '/home/jitengfei/0_9009_new_sdk/xyg_cp_v17_tx_lvbo/cmk/CMakeFiles/CMakeTmp']
  ignore line: [Building CXX object CMakeFiles/cmTC_05909.dir/CMakeCXXCompilerABI.cpp.o]
  ignore line: [/usr/bin/c++    -v -o CMakeFiles/cmTC_05909.dir/CMakeCXXCompilerABI.cpp.o -c /home/jitengfei/tool/cmake-3.16.8-Linux-x86_64/share/cmake-3.16/Modules/CMakeCXXCompilerABI.cpp]
  ignore line: [Using built-in specs.]
  ignore line: [COLLECT_GCC=/usr/bin/c++]
  ignore line: [OFFLOAD_TARGET_NAMES=nvptx-none]
  ignore line: [OFFLOAD_TARGET_DEFAULT=1]
  ignore line: [Target: x86_64-linux-gnu]
  ignore line: [Configured with: ../src/configure -v --with-pkgversion='Ubuntu 7.5.0-3ubuntu1~18.04' --with-bugurl=file:///usr/share/doc/gcc-7/README.Bugs --enable-languages=c ada c++ go brig d fortran objc obj-c++ --prefix=/usr --with-gcc-major-version-only --program-suffix=-7 --program-prefix=x86_64-linux-gnu- --enable-shared --enable-linker-build-id --libexecdir=/usr/lib --without-included-gettext --enable-threads=posix --libdir=/usr/lib --enable-nls --enable-bootstrap --enable-clocale=gnu --enable-libstdcxx-debug --enable-libstdcxx-time=yes --with-default-libstdcxx-abi=new --enable-gnu-unique-object --disable-vtable-verify --enable-libmpx --enable-plugin --enable-default-pie --with-system-zlib --with-target-system-zlib --enable-objc-gc=auto --enable-multiarch --disable-werror --with-arch-32=i686 --with-abi=m64 --with-multilib-list=m32 m64 mx32 --enable-multilib --with-tune=generic --enable-offload-targets=nvptx-none --without-cuda-driver --enable-checking=release --build=x86_64-linux-gnu --host=x86_64-linux-gnu --target=x86_64-linux-gnu]
  ignore line: [Thread model: posix]
  ignore line: [gcc version 7.5.0 (Ubuntu 7.5.0-3ubuntu1~18.04) ]
  ignore line: [COLLECT_GCC_OPTIONS='-v' '-o' 'CMakeFiles/cmTC_05909.dir/CMakeCXXCompilerABI.cpp.o' '-c' '-shared-libgcc' '-mtune=generic' '-march=x86-64']
  ignore line: [ /usr/lib/gcc/x86_64-linux-gnu/7/cc1plus -quiet -v -imultiarch x86_64-linux-gnu -D_GNU_SOURCE /home/jitengfei/tool/cmake-3.16.8-Linux-x86_64/share/cmake-3.16/Modules/CMakeCXXCompilerABI.cpp -quiet -dumpbase CMakeCXXCompilerABI.cpp -mtune=generic -march=x86-64 -auxbase-strip CMakeFiles/cmTC_05909.dir/CMakeCXXCompilerABI.cpp.o -version -fstack-protector-strong -Wformat -Wformat-security -o /tmp/ccqmJx5r.s]
  ignore line: [GNU C++14 (Ubuntu 7.5.0-3ubuntu1~18.04) version 7.5.0 (x86_64-linux-gnu)]
  ignore line: [	compiled by GNU C version 7.5.0  GMP version 6.1.2  MPFR version 4.0.1  MPC version 1.1.0  isl version isl-0.19-GMP]
  ignore line: []
  ignore line: [GGC heuristics: --param ggc-min-expand=100 --param ggc-min-heapsize=131072]
  ignore line: [ignoring duplicate directory "/usr/include/x86_64-linux-gnu/c++/7"]
  ignore line: [ignoring nonexistent directory "/usr/local/include/x86_64-linux-gnu"]
  ignore line: [ignoring nonexistent directory "/usr/lib/gcc/x86_64-linux-gnu/7/../../../../x86_64-linux-gnu/include"]
  ignore line: [#include "..." search starts here:]
  ignore line: [#include <...> search starts here:]
  ignore line: [ /usr/include/c++/7]
  ignore line: [ /usr/include/x86_64-linux-gnu/c++/7]
  ignore line: [ /usr/include/c++/7/backward]
  ignore line: [ /usr/lib/gcc/x86_64-linux-gnu/7/include]
  ignore line: [ /usr/local/include]
  ignore line: [ /usr/lib/gcc/x86_64-linux-gnu/7/include-fixed]
  ignore line: [ /usr/include/x86_64-linux-gnu]
  ignore line: [ /usr/include]
  ignore line: [End of search list.]
  ignore line: [GNU C++14 (Ubuntu 7.5.0-3ubuntu1~18.04) version 7.5.0 (x86_64-linux-gnu)]
  ignore line: [	compiled by GNU C version 7.5.0  GMP version 6.1.2  MPFR version 4.0.1  MPC version 1.1.0  isl version isl-0.19-GMP]
  ignore line: []
  ignore line: [GGC heuristics: --param ggc-min-expand=100 --param ggc-min-heapsize=131072]
  ignore line: [Compiler executable checksum: 3eb3dc290cd5714c3e1c3ae751116f07]
  ignore line: [COLLECT_GCC_OPTIONS='-v' '-o' 'CMakeFiles/cmTC_05909.dir/CMakeCXXCompilerABI.cpp.o' '-c' '-shared-libgcc' '-mtune=generic' '-march=x86-64']
  ignore line: [ as -v --64 -o CMakeFiles/cmTC_05909.dir/CMakeCXXCompilerABI.cpp.o /tmp/ccqmJx5r.s]
  ignore line: [GNU assembler version 2.30 (x86_64-linux-gnu) using BFD version (GNU Binutils for Ubuntu) 2.30]
  ignore line: [COMPILER_PATH=/usr/lib/gcc/x86_64-linux-gnu/7/:/usr/lib/gcc/x86_64-linux-gnu/7/:/usr/lib/gcc/x86_64-linux-gnu/:/usr/lib/gcc/x86_64-linux-gnu/7/:/usr/lib/gcc/x86_64-linux-gnu/]
  ignore line: [LIBRARY_PATH=/usr/lib/gcc/x86_64-linux-gnu/7/:/usr/lib/gcc/x86_64-linux-gnu/7/../../../x86_64-linux-gnu/:/usr/lib/gcc/x86_64-linux-gnu/7/../../../../lib/:/lib/x86_64-linux-gnu/:/lib/../lib/:/usr/lib/x86_64-linux-gnu/:/usr/lib/../lib/:/usr/lib/gcc/x86_64-linux-gnu/7/../../../:/lib/:/usr/lib/]
  ignore line: [COLLECT_GCC_OPTIONS='-v' '-o' 'CMakeFiles/cmTC_05909.dir/CMakeCXXCompilerABI.cpp.o' '-c' '-shared-libgcc' '-mtune=generic' '-march=x86-64']
  ignore line: [Linking CXX executable cmTC_05909]
  ignore line: [/home/jitengfei/tool/cmake-3.16.8-Linux-x86_64/bin/cmake -E cmake_link_script CMakeFiles/cmTC_05909.dir/link.txt --verbose=1]
  ignore line: [/usr/bin/c++      -v CMakeFiles/cmTC_05909.dir/CMakeCXXCompilerABI.cpp.o  -o cmTC_05909 ]
  ignore line: [Using built-in specs.]
  ignore line: [COLLECT_GCC=/usr/bin/c++]
  ignore line: [COLLECT_LTO_WRAPPER=/usr/lib/gcc/x86_64-linux-gnu/7/lto-wrapper]
  ignore line: [OFFLOAD_TARGET_NAMES=nvptx-none]
  ignore line: [OFFLOAD_TARGET_DEFAULT=1]
  ignore line: [Target: x86_64-linux-gnu]
  ignore line: [Configured with: ../src/configure -v --with-pkgversion='Ubuntu 7.5.0-3ubuntu1~18.04' --with-bugurl=file:///usr/share/doc/gcc-7/README.Bugs --enable-languages=c ada c++ go brig d fortran objc obj-c++ --prefix=/usr --with-gcc-major-version-only --program-suffix=-7 --program-prefix=x86_64-linux-gnu- --enable-shared --enable-linker-build-id --libexecdir=/usr/lib --without-included-gettext --enable-threads=posix --libdir=/usr/lib --enable-nls --enable-bootstrap --enable-clocale=gnu --enable-libstdcxx-debug --enable-libstdcxx-time=yes --with-default-libstdcxx-abi=new --enable-gnu-unique-object --disable-vtable-verify --enable-libmpx --enable-plugin --enable-default-pie --with-system-zlib --with-target-system-zlib --enable-objc-gc=auto --enable-multiarch --disable-werror --with-arch-32=i686 --with-abi=m64 --with-multilib-list=m32 m64 mx32 --enable-multilib --with-tune=generic --enable-offload-targets=nvptx-none --without-cuda-driver --enable-checking=release --build=x86_64-linux-gnu --host=x86_64-linux-gnu --target=x86_64-linux-gnu]
  ignore line: [Thread model: posix]
  ignore line: [gcc version 7.5.0 (Ubuntu 7.5.0-3ubuntu1~18.04) ]
  ignore line: [COMPILER_PATH=/usr/lib/gcc/x86_64-linux-gnu/7/:/usr/lib/gcc/x86_64-linux-gnu/7/:/usr/lib/gcc/x86_64-linux-gnu/:/usr/lib/gcc/x86_64-linux-gnu/7/:/usr/lib/gcc/x86_64-linux-gnu/]
  ignore line: [LIBRARY_PATH=/usr/lib/gcc/x86_64-linux-gnu/7/:/usr/lib/gcc/x86_64-linux-gnu/7/../../../x86_64-linux-gnu/:/usr/lib/gcc/x86_64-linux-gnu/7/../../../../lib/:/lib/x86_64-linux-gnu/:/lib/../lib/:/usr/lib/x86_64-linux-gnu/:/usr/lib/../lib/:/usr/lib/gcc/x86_64-linux-gnu/7/../../../:/lib/:/usr/lib/]
  ignore line: [COLLECT_GCC_OPTIONS='-v' '-o' 'cmTC_05909' '-shared-libgcc' '-mtune=generic' '-march=x86-64']
  link line: [ /usr/lib/gcc/x86_64-linux-gnu/7/collect2 -plugin /usr/lib/gcc/x86_64-linux-gnu/7/liblto_plugin.so -plugin-opt=/usr/lib/gcc/x86_64-linux-gnu/7/lto-wrapper -plugin-opt=-fresolution=/tmp/ccFDeLru.res -plugin-opt=-pass-through=-lgcc_s -plugin-opt=-pass-through=-lgcc -plugin-opt=-pass-through=-lc -plugin-opt=-pass-through=-lgcc_s -plugin-opt=-pass-through=-lgcc --build-id --eh-frame-hdr -m elf_x86_64 --hash-style=gnu --as-needed -dynamic-linker /lib64/ld-linux-x86-64.so.2 -pie -z now -z relro -o cmTC_05909 /usr/lib/gcc/x86_64-linux-gnu/7/../../../x86_64-linux-gnu/Scrt1.o /usr/lib/gcc/x86_64-linux-gnu/7/../../../x86_64-linux-gnu/crti.o /usr/lib/gcc/x86_64-linux-gnu/7/crtbeginS.o -L/usr/lib/gcc/x86_64-linux-gnu/7 -L/usr/lib/gcc/x86_64-linux-gnu/7/../../../x86_64-linux-gnu -L/usr/lib/gcc/x86_64-linux-gnu/7/../../../../lib -L/lib/x86_64-linux-gnu -L/lib/../lib -L/usr/lib/x86_64-linux-gnu -L/usr/lib/../lib -L/usr/lib/gcc/x86_64-linux-gnu/7/../../.. CMakeFiles/cmTC_05909.dir/CMakeCXXCompilerABI.cpp.o -lstdc++ -lm -lgcc_s -lgcc -lc -lgcc_s -lgcc /usr/lib/gcc/x86_64-linux-gnu/7/crtendS.o /usr/lib/gcc/x86_64-linux-gnu/7/../../../x86_64-linux-gnu/crtn.o]
    arg [/usr/lib/gcc/x86_64-linux-gnu/7/collect2] ==> ignore
    arg [-plugin] ==> ignore
    arg [/usr/lib/gcc/x86_64-linux-gnu/7/liblto_plugin.so] ==> ignore
    arg [-plugin-opt=/usr/lib/gcc/x86_64-linux-gnu/7/lto-wrapper] ==> ignore
    arg [-plugin-opt=-fresolution=/tmp/ccFDeLru.res] ==> ignore
    arg [-plugin-opt=-pass-through=-lgcc_s] ==> ignore
    arg [-plugin-opt=-pass-through=-lgcc] ==> ignore
    arg [-plugin-opt=-pass-through=-lc] ==> ignore
    arg [-plugin-opt=-pass-through=-lgcc_s] ==> ignore
    arg [-plugin-opt=-pass-through=-lgcc] ==> ignore
    arg [--build-id] ==> ignore
    arg [--eh-frame-hdr] ==> ignore
    arg [-m] ==> ignore
    arg [elf_x86_64] ==> ignore
    arg [--hash-style=gnu] ==> ignore
    arg [--as-needed] ==> ignore
    arg [-dynamic-linker] ==> ignore
    arg [/lib64/ld-linux-x86-64.so.2] ==> ignore
    arg [-pie] ==> ignore
    arg [-znow] ==> ignore
    arg [-zrelro] ==> ignore
    arg [-o] ==> ignore
    arg [cmTC_05909] ==> ignore
    arg [/usr/lib/gcc/x86_64-linux-gnu/7/../../../x86_64-linux-gnu/Scrt1.o] ==> ignore
    arg [/usr/lib/gcc/x86_64-linux-gnu/7/../../../x86_64-linux-gnu/crti.o] ==> ignore
    arg [/usr/lib/gcc/x86_64-linux-gnu/7/crtbeginS.o] ==> ignore
    arg [-L/usr/lib/gcc/x86_64-linux-gnu/7] ==> dir [/usr/lib/gcc/x86_64-linux-gnu/7]
    arg [-L/usr/lib/gcc/x86_64-linux-gnu/7/../../../x86_64-linux-gnu] ==> dir [/usr/lib/gcc/x86_64-linux-gnu/7/../../../x86_64-linux-gnu]
    arg [-L/usr/lib/gcc/x86_64-linux-gnu/7/../../../../lib] ==> dir [/usr/lib/gcc/x86_64-linux-gnu/7/../../../../lib]
    arg [-L/lib/x86_64-linux-gnu] ==> dir [/lib/x86_64-linux-gnu]
    arg [-L/lib/../lib] ==> dir [/lib/../lib]
    arg [-L/usr/lib/x86_64-linux-gnu] ==> dir [/usr/lib/x86_64-linux-gnu]
    arg [-L/usr/lib/../lib] ==> dir [/usr/lib/../lib]
    arg [-L/usr/lib/gcc/x86_64-linux-gnu/7/../../..] ==> dir [/usr/lib/gcc/x86_64-linux-gnu/7/../../..]
    arg [CMakeFiles/cmTC_05909.dir/CMakeCXXCompilerABI.cpp.o] ==> ignore
    arg [-lstdc++] ==> lib [stdc++]
    arg [-lm] ==> lib [m]
    arg [-lgcc_s] ==> lib [gcc_s]
    arg [-lgcc] ==> lib [gcc]
    arg [-lc] ==> lib [c]
    arg [-lgcc_s] ==> lib [gcc_s]
    arg [-lgcc] ==> lib [gcc]
    arg [/usr/lib/gcc/x86_64-linux-gnu/7/crtendS.o] ==> ignore
    arg [/usr/lib/gcc/x86_64-linux-gnu/7/../../../x86_64-linux-gnu/crtn.o] ==> ignore
  collapse library dir [/usr/lib/gcc/x86_64-linux-gnu/7] ==> [/usr/lib/gcc/x86_64-linux-gnu/7]
  collapse library dir [/usr/lib/gcc/x86_64-linux-gnu/7/../../../x86_64-linux-gnu] ==> [/usr/lib/x86_64-linux-gnu]
  collapse library dir [/usr/lib/gcc/x86_64-linux-gnu/7/../../../../lib] ==> [/usr/lib]
  collapse library dir [/lib/x86_64-linux-gnu] ==> [/lib/x86_64-linux-gnu]
  collapse library dir [/lib/../lib] ==> [/lib]
  collapse library dir [/usr/lib/x86_64-linux-gnu] ==> [/usr/lib/x86_64-linux-gnu]
  collapse library dir [/usr/lib/../lib] ==> [/usr/lib]
  collapse library dir [/usr/lib/gcc/x86_64-linux-gnu/7/../../..] ==> [/usr/lib]
  implicit libs: [stdc++;m;gcc_s;gcc;c;gcc_s;gcc]
  implicit dirs: [/usr/lib/gcc/x86_64-linux-gnu/7;/usr/lib/x86_64-linux-gnu;/usr/lib;/lib/x86_64-linux-gnu;/lib]
  implicit fwks: []


